300
299
298
297
296
295
294
293
292
291
290
289
288
287
286
285
284
283
282
281
280
279
278
277
276
275
274
273
272
271
270
269
268
267
266
265
264
263
262
261
260
259
258
257
256
255
254
253
252
251
250
249
248
247
246
245
244
243
242
241
240
239
238
237
236
235
234
233
232
231
230
229
228
227
226
225
224
223
222
221
220
219
218
217
216
215
214
213
212
211
210
209
208
207
206
205
204
203
202
201
200
199
198
197
196
195
194
193
192
191
190
189
188
187
186
185
184
183
182
181
180
179
178
177
176
175
174
173
172
171
170
169
168
167
166
165
164
163
162
161
160
159
158
157
156
155
154
153
152
151
150
149
148
147
146
145
144
143
142
141
140
139
138
137
136
135
134
133
132
131
130
129
128
127
126
125
124
123
122
121
120
119
118
117
116
115
114
113
112
111
110
109
108
107
106
105
104
103
102
101
100
99
98
97
96
95
94
93
92
91
90
89
88
87
86
85
84
83
82
81
80
79
78
77
76
75
74
73
72
71
70
69
68
67
66
65
64
63
62
61
60
59
58
57
56
55
54
53
52
51
50
49
48
47
46
45
44
43
42
41
40
39
38
37
36
35
34
33
32
31
30
29
28
27
26
25
24
23
22
21
20
19
18
17
16
15
14
13
12
11
10
9
8
7
6
5
4
3
2
223
277
240
192
228
130
227
94
263
249
128
269
173
206
120
295
118
198
132
153
284
181
158
170
172
258
16
131
221
279
259
273
197
275
35
175
271
300
291
226
262
240
291
282
218
139
266
278
267
231
68
270
116
278
122
288
262
298
128
24
202
273
220
182
226
135
148
210
291
261
276
279
219
29
156
95
94
237
167
199
133
80
257
174
202
289
141
103
264
271
300
96
240
115
179
271
213
85
234
160
262
293
271
162
258
278
123
278
40
171
161
287
282
143
280
278
277
222
197
183
217
276
44
219
180
246
112
258
134
300
88
32
243
258
185
140
263
280
239
74
86
240
149
293
271
290
160
202
148
139
166
60
64
104
254
206
167
226
280
126
204
295
249
177
119
144
158
189
237
210
217
146
118
127
232
231
270
85
157
229
234
277
231
178
219
100
286
283
125
77
277
275
90
166
239
21
286
187
110
242
253
155
108
70
128
213
117
282
214
174
277
115
108
225
259
115
51
240
187
164
193
254
260
294
171
257
51
192
255
218
144
83
195
78
262
239
276
178
252
209
257
206
213
128
155
182
182
175
215
293
238
264
251
247
257
269
284
260
206
118
240
247
152
208
251
181
296
290
218
225
77
258
198
52
199
130
103
171
293
282
271
248
152
162
213
277
259
71
278
236
258
243
249
274
291
199
178
199
277
155
125
263
122
300
197
74
77
218
127
241
144
234
218
213
256
165
190
294
202
297
259
235
194
53
279
153
205
164
238
191
199
254
284
167
277
161
71
291
247
277
130
83
119
278
294
264
246
283
218
193
246
162
232
110
261
121
297
258
230
206
290
130
235
214
250
290
253
292
236
248
187
194
205
242
149
273
279
177
125
237
266
261
240
242
261
173
192
260
187
114
262
294
222
284
232
141
251
283
281
223
38
127
280
288
293
222
298
152
92
296
138
252
239
224
222
194
263
113
123
109
189
264
288
283
40
174
229
241
196
81
245
224
274
252
156
273
186
234
168
275
137
270
184
209
255
102
135
95
176
47
229
214
227
293
154
269
293
186
275
152
173
144
206
255
48
280
166
222
298
232
298
270
276
287
272
280
138
268
84
243
199
113
151
270
128
178
277
114
284
276
222
201
135
255
143
276
125
260
233
149
218
227
294
200
236
299
282
254
205
230
235
100
273
112
109
276
86
87
243
275
246
59
215
39
127
289
273
244
221
112
93
294
293
224
251
157
119
213
256
293
176
121
152
142
135
259
106
236
239
97
69
203
232
157
215
229
39
133
91
254
258
140
162
152
236
231
215
186
49
239
207
161
199
257
251
124
204
210
261
114
179
273
282
243
25
255
237
207
199
264
180
165
277
258
67
125
228
181
183
270
91
276
174
183
208
248
42
178
185
89
259
113
243
167
191
171
34
223
284
225
45
218
225
244
281
279
62
101
135
218
69
140
233
210
200
271
264
225
197
258
79
206
94
246
289
155
98
288
295
118
109
173
51
231
109
297
148
135
126
229
247
291
90
282
179
188
158
248
151
265
124
176
132
168
169
104
134
198
291
227
171
201
221
79
128
293
239
227
77
178
300
113
160
209
194
10
96
195
289
195
192
176
109
235
225
23
64
58
226
291
255
238
165
104
206
291
195
213
166
242
299
210
29
227
251
246
148
106
169
275
148
136
116
244
259
241
288
241
280
131
111
133
253
156
248
121
134
226
297
221
291
172
256
266
189
203
115
293
273
291
182
211
63
132
166
165
113
267
160
230
207
152
82
271
210
212
269
290
82
234
144
211
264
167
181
77
280
144
278
207
225
95
193
214
182
58
277
53
264
233
250
170
223
153
200
203
182
265
127
286
232
193
218
205
158
181
267
192
206
249
120
272
247
228
283
31
282
237
108
90
248
255
194
246
161
284
113
142
287
277
205
292
43
187
274
294
223
285
231
296
300
245
267
282
261
144
91
187
213
199
218
300
229
247
229
290
80
242
179
121
256
56
232
270
198
276
107
253
186
279
261
235
56
92
125
120
167
52
241
259
202
223
139
228
248
259
102
63
230
78
283
291
188
160
295
87
247
215
199
241
193
99
53
264
97
115
292
86
198
270
169
72
220
118
204
181
132
292
261
292
300
283
239
249
296
122
161
69
132
156
152
275
290
248
272
146
266
74
149
50
287
130
244
198
293
253
84
44
290
170
167
279
194
213
266
292
163
292
86
194
137
286
290
189
45
288
127
199
209
297
128
214
265
222
202
173
118
184
137
283
86
292
289
165
289
254
259
272
253
275
169
31
275
94
262
271
55
244
276
207
187
111
294
244
191
280
272
148
257
77
206
148
207
234
77
187
142
287
243
139
229
206
190
186
126
169
293
246
252
295
132
172
250
184
76
240
51
244
250
259
228
261
202
300
278
233
162
21
89
220
279
271
145
232
292
124
287
186
103
98
125
117
153
283
192
193
227
245
255
199
100
245
298
281
292
213
98
162
241
140
57
157
261
215
268
254
242
166
40
293
236
194
256
257
220
195
240
194
253
198
225
254
123
190
186
246
284
186
67
93
67
106
205
211
290
194
163
291
243
178
227
163
231
128
250
147
203
180
258
129
140
234
241
206
109
60
234
257
75
208
209
67
176
223
73
273
298
90
296
59
277
274
204
259
60
117
186
283
214
213
211
223
223
216
173
246
272
70
167
200
243
262
2
258
169
164
282
294
193
136
278
110
205
283
289
214
198
125
43
269
118
146
230
172
270
85
223
260
281
74
206
170
190
206
219
275
133
110
295
297
131
168
261
180
279
142
183
250
214
261
239
238
204
95
191
249
290
168
185
289
294
220
287
98
202
269
262
276
271
259
267
213
24
219
193
273
260
289
192
279
73
169
213
123
143
178
98
244
264
122
298
241
26
284
193
218
224
251
122
69
292
67
153
224
108
189
211
125
266
189
289
295
272
79
162
151
21
210
137
195
98
164
209
223
86
179
241
119
257
96
109
94
130
203
185
190
277
184
133
170
106
77
143
140
227
228
136
295
260
213
255
275
231
267
272
278
222
86
210
289
295
292
229
293
233
295
253
256
259
254
261
124
121
134
265
143
162
176
273
76
198
204
125
289
278
263
48
203
173
295
199
259
163
241
210
198
287
259
206
287
274
292
27
177
103
275
226
176
175
262
277
212
274
265
216
53
237
294
209
219
198
283
281
236
274
258
199
75
242
143
217
123
96
199
225
29
253
214
247
181
181
266
282
287
251
300
193
131
243
277
100
166
299
186
292
249
218
86
233
122
114
58
200
287
277
286
73
55
227
124
242
285
285
231
186
156
190
286
263
243
232
239
133
195
255
131
269
151
191
110
189
58
143
137
215
111
252
180
146
94
179
249
71
25
140
82
276
51
246
273
193
293
237
274
259
212
139
238
207
240
117
295
243
66
212
234
155
212
240
108
233
166
108
295
217
83
197
157
202
190
135
299
266
172
233
269
237
240
143
279
295
225
297
251
110
179
242
252
141
253
235
110
129
92
256
149
224
261
109
182
142
284
215
294
220
212
220
157
167
77
263
116
292
38
294
126
237
285
224
234
269
158
290
278
56
149
269
196
258
258
168
231
123
264
167
187
225
202
166
175
197
171
111
143
144
287
297
141
206
182
265
215
104
104
263
40
265
197
243
115
230
27
234
175
281
260
289
27
228
203
299
106
268
212
181
202
157
232
154
263
246
255
257
139
290
253
29
56
122
253
248
291
131
150
103
225
83
162
190
107
125
263
295
213
274
174
289
211
258
201
139
170
190
230
189
244
267
294
181
277
298
127
193
287
129
96
86
262
283
119
9
297
254
214
137
177
187
166
101
80
293
244
130
62
268
50
210
125
217
155
266
279
138
285
100
141
29
151
200
32
153
267
275
100
299
191
139
214
202
115
203
139
275
76
291
162
212
275
152
257
259
145
242
75
176
86
266
253
201
127
257
224
274
260
234
234
269
153
289
167
298
286
160
233
267
219
248
217
153
258
228
90
286
257
238
62
223
206
120
274
246
202
198
248
230
194
212
288
299
259
199
212
285
250
224
213
297
84
226
95
231
243
262
264
218
171
165
80
258
273
180
278
186
227
206
270
229
124
286
290
261
275
136
183
228
250
217
267
259
290
287
197
151
184
198
230
254
69
74
282
296
38
274
234
171
251
47
247
53
291
20
169
215
209
52
228
264
292
138
299
236
226
203
231
221
247
238
207
285
271
221
189
110
168
186
287
209
284
141
240
139
275
148
144
255
202
295
105
298
205
284
285
284
12
286
234
265
146
187
195
263
170
205
269
217
238
62
231
258
220
290
211
209
186
286
58
259
253
276
157
53
155
216
176
47
223
273
227
256
259
261
280
256
231
133
184
272
273
284
212
283
127
268
265
156
295
197
240
103
206
280
100
216
28
261
207
126
174
276
252
143
73
178
249
234
151
146
156
288
281
257
218
186
91
279
185
279
106
281
260
278
198
283
115
262
195
85
174
178
294
75
284
87
157
200
62
269
64
70
147
37
62
176
176
152
261
210
267
177
80
193
256
198
124
26
170
281
101
224
130
232
93
238
272
89
251
197
144
284
130
300
206
295
212
291
222
218
277
206
158
28
209
207
244
282
50
54
240
293
144
240
245
190
114
157
24
300
173
222
257
149
201
121
201
181
254
175
294
202
167
200
180
101
15
217
209
261
215
248
272
299
192
289
280
144
294
135
89
65
224
262
213
60
128
207
242
197
113
82
285
118
74
88
194
136
204
294
262
271
181
248
262
269
196
200
272
241
191
295
89
187
229
166
205
159
175
262
92
207
166
285
210
210
268
22
264
248
25
84
197
228
248
236
288
188
92
291
160
292
290
220
290
80
267
226
259
118
65
203
210
148
283
37
113
295
278
207
153
254
289
264
224
143
165
252
220
178
190
126
263
257
278
297
173
201
218
175
284
189
231
258
288
264
83
289
271
80
258
176
194
253
126
210
135
212
173
213
195
232
194
285
114
214
279
261
206
264
267
280
243
233
281
260
278
211
210
234
237
249
273
290
241
155
182
212
175
124
250
55
125
108
267
102
178
155
141
258
174
256
154
204
172
174
277
149
106
294
167
193
236
216
194
270
192
285
233
275
183
285
198
200
113
237
163
215
230
133
175
54
137
233
130
257
293
274
224
167
218
114
166
299
152
263
232
175
292
159
287
230
209
107
297
84
191
286
89
171
229
257
249
268
145
283
263
101
193
295
299
263
241
276
300
240
107
257
168
201
192
118
246
245
226
59
127
122
126
209
181
250
125
210
163
213
258
252
240
286
236
274
113
266
161
283
178
103
192
39
91
272
239
140
253
236
183
127
269
184
237
179
187
251
111
178
116
285
178
120
265
185
79
240
290
51
264
258
198
298
22
298
299
297
285
130
175
66
258
239
193
259
125
208
161
53
139
186
154
276
205
262
266
177
231
286
292
218
221
173
97
199
287
249
294
214
138
238
283
235
278
205
258
258
75
74
276
280
138
298
157
39
259
297
164
277
149
204
195
112
188
172
288
286
158
215
291
212
179
153
251
142
205
225
196
300
93
235
249
264
280
232
210
95
215
96
141
177
300
216
229
200
203
296
267
250
201
137
94
96
182
168
174
251
146
258
110
169
225
177
166
130
281
70
155
40
69
259
198
287
138
175
257
132
192
295
292
122
243
250
295
293
221
227
291
171
292
162
202
181
235
277
298
290
211
101
281
242
291
227
216
118
124
229
255
226
203
213
258
109
154
159
285
166
264
60
218
149
163
204
101
269
31
52
237
228
200
184
89
256
63
159
284
212
262
89
271
221
205
286
104
290
284
123
252
128
258
192
258
208
143
275
273
250
300
68
221
206
117
264
291
39
289
63
168
262
257
246
207
259
272
207
273
127
181
141
176
158
256
198
193
196
206
176
191
287
98
212
272
267
243
218
223
194
62
273
209
285
103
296
157
184
145
196
269
286
260
165
257
243
58
276
75
194
177
255
188
266
294
197
252
197
171
70
132
190
144
192
205
124
177
110
199
246
195
226
264
225
217
164
74
239
292
198
223
274
199
205
161
267
95
260
241
84
233
272
273
187
55
291
59
70
243
185
279
216
42
282
242
254
202
250
114
88
146
93
196
272
117
299
92
258
61
243
182
115
88
253
202
267
241
290
293
242
300
300
193
272
289
122
288
283
65
237
186
292
207
243
215
174
83
276
291
257
292
192
188
210
185
54
237
247
178
238
140
224
82
295
194
281
299
34
238
250
209
244
268
74
281
274
296
109
243
243
227
293
150
47
93
256
232
66
278
266
230
232
167
291
289
267
90
243
299
181
284
141
283
71
271
150
226
243
118
206
171
95
183
104
180
100
221
293
264
271
134
263
187
255
108
189
233
79
244
143
176
281
140
73
139
257
97
135
240
283
164
110
184
187
199
245
170
291
218
129
250
279
168
250
272
54
250
179
248
66
133
145
228
218
212
94
75
278
215
234
300
294
137
131
160
32
266
190
242
265
280
226
147
88
92
136
25
247
257
192
166
191
146
194
220
142
237
299
182
287
171
224
274
192
256
61
295
275
117
46
211
277
191
186
154
214
116
237
222
129
35
271
245
4
296
283
241
173
293
167
138
261
123
258
288
57
290
157
230
287
211
280
189
87
283
129
179
298
272
190
70
150
188
171
276
169
81
247
263
100
109
110
115
92
146
297
197
262
287
223
273
247
296
298
212
102
179
267
194
110
276
103
161
93
249
58
147
247
240
290
230
233
90
275
296
66
233
60
107
114
135
228
288
70
123
183
170
185
267
96
291
244
177
156
246
254
282
291
178
157
185
206
159
173
91
93
175
141
134
146
251
271
272
159
100
166
189
191
82
267
279
72
90
116
208
63
250
246
158
199
261
212
127
184
32
206
210
87
162
182
179
126
268
221
274
25
191
188
167
106
97
298
227
67
295
173
69
237
212
95
107
257
250
203
295
288
199
131
207
292
111
64
200
116
257
235
262
218
245
203
299
279
240
210
185
280
263
296
201
48
101
154
106
121
287
213
300
230
111
77
275
74
239
237
181
243
48
146
88
148
291
52
261
177
98
293
264
263
98
127
177
201
184
261
207
175
163
292
246
297
224
217
62
234
206
278
61
192
204
245
253
180
258
108
75
259
232
226
134
297
259
224
291
215
119
202
57
170
232
252
185
242
124
267
240
289
205
225
163
272
238
152
38
280
259
253
270
116
191
295
193
167
176
211
217
273
249
109
273
152
279
118
281
245
295
293
156
147
291
274
252
268
195
145
265
237
217
151
262
262
217
296
275
194
244
266
211
17
284
179
133
254
254
238
190
245
290
205
295
231
273
140
278
280
264
186
81
170
74
272
205
173
103
282
196
142
176
215
275
270
192
88
160
59
297
230
102
187
186
298
230
300
272
294
251
221
246
253
277
170
230
140
170
291
181
81
174
232
190
227
208
293
160
235
281
267
120
221
75
188
150
243
278
55
278
148
268
264
67
171
239
190
217
279
298
122
269
197
149
217
58
251
262
36
277
274
130
56
244
279
80
48
100
164
246
174
205
135
209
219
127
208
235
77
272
270
205
204
300
102
292
175
286
198
290
184
208
100
55
242
82
86
264
230
203
257
249
297
108
234
67
211
242
243
258
288
25
267
253
114
215
265
184
124
289
144
181
157
179
244
170
124
239
67
270
215
244
227
237
286
241
297
288
116
240
16
140
287
132
209
270
91
165
266
215
258
184
111
155
171
247
149
140
285
250
178
273
96
122
240
113
174
107
213
299
262
114
240
211
215
202
260
291
208
193
184
242
118
278
250
224
268
80
190
88
128
256
299
127
289
75
147
201
257
85
233
289
252
28
177
209
128
125
254
299
179
237
296
300
150
300
292
162
124
272
291
300
202
277
239
220
247
134
29
120
188
268
276
277
232
39
207
242
151
40
287
183
188
229
216
287
282
279
247
204
49
215
225
285
248
255
261
184
210
227
198
87
123
259
285
172
169
251
77
243
218
267
231
153
254
226
297
282
118
197
183
157
299
119
294
168
266
111
70
263
172
208
221
183
204
166
289
242
225
237
265
102
256
257
276
241
188
293
296
98
109
242
128
248
162
97
265
198
166
299
182
244
214
136
289
147
155
205
290
281
225
32
249
300
208
113
185
235
300
143
126
289
291
257
199
284
253
236
68
124
220
241
157
203
232
284
292
170
114
64
277
294
286
221
195
68
269
87
96
214
109
184
300
298
282
266
295
261
286
227
282
252
122
222
116
270
198
143
283
64
194
191
184
212
285
263
209
142
297
252
230
82
120
155
112
263
212
295
287
285
174
246
275
233
300
244
254
206
270
228
91
289
259
247
254
288
282
173
292
292
164
248
207
107
194
289
168
210
299
51
258
59
277
278
229
218
140
111
59
55
205
120
230
231
235
26
225
298
168
226
105
212
261
289
7
239
200
206
184
153
282
249
256
236
265
267
147
181
300
166
297
211
222
190
153
265
228
155
289
285
81
294
174
142
276
226
216
141
139
74
240
272
166
92
200
205
84
188
265
137
110
283
278
272
152
284
225
255
187
255
242
250
249
234
134
296
288
229
279
223
249
273
65
195
180
156
273
105
222
179
207
224
251
299
102
103
219
129
245
278
257
175
211
176
136
290
174
172
213
236
276
161
130
269
203
207
158
282
110
79
231
114
299
110
274
214
136
56
229
254
296
193
245
184
137
209
207
77
209
56
253
25
173
142
278
258
286
220
216
268
154
101
95
294
128
91
184
179
285
244
190
229
282
291
195
269
184
154
216
247
155
300
167
189
176
246
282
285
194
275
160
68
262
224
271
179
117
140
118
277
200
279
219
25
177
226
168
169
290
149
178
68
195
69
226
256
287
159
242
216
266
279
275
208
167
231
91
258
196
180
240
179
106
279
246
255
229
239
104
281
274
232
100
240
294
259
285
117
287
236
298
152
153
174
20
228
269
110
151
180
169
279
84
243
282
107
262
269
275
269
189
93
148
105
299
238
299
272
300
209
290
249
74
255
96
274
291
233
231
250
79
203
64
177
275
226
287
145
264
220
263
290
278
140
161
255
192
298
251
268
248
237
176
272
55
282
182
192
250
142
177
287
288
108
291
76
106
58
70
276
262
288
145
230
146
265
290
173
132
253
125
96
249
252
211
130
206
167
222
246
284
138
229
236
39
141
299
99
97
215
265
180
243
142
286
91
156
124
174
286
76
193
82
276
238
199
187
98
129
186
180
136
75
150
126
207
245
298
243
213
270
257
64
206
225
151
98
22
289
187
107
215
138
103
76
184
173
292
281
61
100
295
294
225
241
250
138
183
220
193
277
62
160
269
130
171
148
128
112
293
226
177
228
115
226
278
198
242
233
189
147
194
118
161
260
191
10
225
214
119
247
209
245
242
117
99
259
196
134
262
178
99
145
285
270
258
274
298
198
158
208
194
218
245
270
62
241
115
181
135
285
102
70
159
255
293
149
214
270
253
47
234
216
300
287
167
253
134
76
265
256
228
261
277
236
205
150
173
194
206
222
287
150
163
166
153
210
299
271
293
198
87
239
300
157
145
284
240
252
290
89
295
296
268
80
293
144
273
146
295
224
212
272
195
209
270
152
270
257
23
168
283
196
117
296
263
119
246
243
148
284
263
286
241
262
114
238
268
206
249
170
175
244
28
68
297
241
33
207
285
293
260
121
162
182
230
58
153
198
139
253
276
249
139
240
271
240
139
158
172
219
238
39
143
70
153
249
25
194
277
184
241
278
98
145
221
174
215
145
262
102
255
266
135
236
287
245
202
173
261
220
246
181
270
222
118
148
255
194
278
284
286
290
264
294
282
286
78
137
267
216
211
193
240
289
267
223
265
205
202
289
163
255
220
273
92
296
59
237
167
251
80
128
164
124
258
265
130
251
267
117
187
162
267
207
249
178
221
100
279
203
53
295
205
265
219
168
259
251
292
260
105
54
169
224
253
226
201
208
288
80
249
249
274
127
292
264
159
256
102
282
62
105
126
211
275
290
255
296
135
237
237
176
204
291
280
247
201
280
233
84
220
246
148
115
179
281
298
136
181
229
120
200
161
191
26
155
151
206
195
181
214
246
230
296
102
176
161
183
202
218
155
157
201
227
276
256
103
151
195
128
64
222
153
57
219
47
83
220
210
51
176
220
128
174
84
110
217
279
154
268
248
245
134
49
104
285
177
202
174
285
217
281
251
295
149
80
267
262
186
249
249
175
83
42
271
189
260
181
265
250
65
49
109
265
237
202
300
200
216
202
98
191
54
283
146
282
137
140
222
165
257
39
196
281
252
276
91
242
193
272
234
278
230
175
126
273
110
261
96
235
292
199
172
95
208
285
237
149
227
295
299
287
99
162
287
235
232
252
232
248
72
180
194
174
222
255
255
128
290
231
181
191
288
211
90
196
298
265
222
152
42
130
270
125
104
280
94
278
265
102
233
271
42
259
288
186
218
263
215
261
280
33
281
170
228
120
97
252
240
97
156
247
283
102
286
108
285
286
113
126
184
171
94
249
171
224
70
275
181
111
110
208
179
148
254
119
287
181
293
272
247
154
124
172
296
191
93
155
188
290
289
200
191
233
19
149
261
210
300
246
281
74
237
292
260
115
258
198
136
250
183
168
99
111
177
201
259
143
260
284
147
269
146
239
238
254
21
139
247
174
114
216
263
286
42
287
211
131
299
101
255
186
274
284
120
214
204
142
230
253
120
290
221
193
267
291
172
244
139
252
241
273
189
252
249
246
57
272
188
186
60
212
225
151
140
140
245
224
203
234
237
100
80
287
100
221
290
294
296
257
140
282
205
67
158
280
73
140
232
47
290
229
268
62
213
116
291
97
229
300
279
291
105
167
71
163
153
257
177
298
252
220
109
259
295
283
271
245
288
298
163
166
133
100
47
123
271
146
231
175
274
211
219
90
231
286
152
239
203
239
140
260
109
287
297
111
284
252
227
78
162
279
282
210
260
227
287
282
259
163
89
253
30
299
252
256
265
271
267
229
135
120
138
219
261
231
256
151
80
106
300
231
262
232
206
101
158
261
72
257
202
285
140
271
235
256
261
278
148
206
121
282
300
261
218
114
300
252
156
149
259
198
266
195
51
133
223
159
282
277
200
222
93
129
175
224
159
298
169
39
205
145
169
139
179
286
46
99
199
196
298
286
226
141
144
188
229
287
269
192
229
268
279
178
281
203
157
298
229
161
263
111
274
139
118
133
211
291
197
292
215
290
254
214
254
238
232
232
150
199
181
240
100
257
219
299
223
162
158
280
261
36
185
61
249
249
223
105
158
64
286
244
113
299
275
159
175
287
124
282
150
126
235
269
216
207
282
257
161
214
289
229
275
233
110
239
94
222
283
207
150
283
101
101
88
277
94
202
217
285
179
227
136
256
285
216
93
291
224
222
272
188
165
122
85
216
261
230
42
29
292
280
220
216
163
129
220
248
269
178
289
298
254
291
250
132
245
262
56
250
191
266
74
276
198
274
153
292
94
158
288
200
286
281
128
263
208
186
84
117
176
298
226
220
55
276
106
257
295
55
122
119
257
114
276
236
212
233
207
159
199
270
173
198
287
216
256
158
293
229
119
170
196
68
234
213
125
291
200
62
138
256
169
183
108
123
280
125
252
282
184
73
211
209
230
281
204
57
101
245
264
192
97
265
183
176
270
141
195
268
232
241
150
195
266
224
287
266
249
208
208
61
289
170
201
124
294
242
153
213
255
63
204
161
68
262
251
277
199
101
218
265
127
235
252
61
166
260
195
292
204
231
194
281
248
251
230
139
273
235
244
236
273
228
34
105
271
278
86
263
165
173
245
141
284
42
244
184
194
269
22
143
193
205
145
297
253
42
235
230
54
45
185
107
219
168
116
145
132
200
22
164
168
208
199
222
213
230
291
212
296
287
81
20
191
66
288
225
119
171
255
55
265
144
268
293
207
249
288
156
111
242
176
270
185
62
93
266
285
268
195
45
241
143
281
249
80
287
262
38
298
103
186
263
291
266
201
152
116
279
210
238
98
290
246
217
135
206
172
217
145
289
298
238
228
43
280
101
248
187
174
204
260
241
265
196
261
297
225
262
183
288
255
216
293
276
252
230
258
252
177
299
265
168
294
187
276
177
112
287
262
269
262
227
238
273
186
219
59
156
215
249
299
244
272
142
215
287
102
246
263
231
200
114
70
261
292
140
258
255
180
295
280
123
287
227
137
263
185
225
136
192
163
262
71
108
285
272
288
153
47
207
288
273
192
49
224
186
287
275
231
257
231
241
226
197
269
192
277
204
171
240
37
199
294
53
202
243
220
180
145
271
288
265
173
104
285
173
284
271
283
63
233
103
180
273
143
102
205
183
299
139
274
276
86
291
160
97
182
284
271
173
200
243
125
198
191
181
267
185
206
156
155
297
33
120
265
230
173
237
105
204
250
211
232
222
243
215
255
171
173
187
164
297
271
244
188
246
259
238
147
225
138
239
298
224
288
252
269
256
298
220
249
110
164
295
143
277
261
211
124
257
194
241
295
186
267
91
224
61
156
288
189
118
288
251
100
207
289
255
26
25
177
191
204
209
234
279
182
164
266
271
56
214
185
130
300
185
178
193
253
227
258
273
186
114
225
284
126
229
299
130
171
121
100
283
59
176
83
233
274
231
207
265
242
284
219
297
185
232
231
109
282
68
69
218
159
173
300
147
261
256
259
219
298
214
295
252
180
104
101
104
101
287
254
257
280
182
195
213
140
245
65
295
255
109
43
124
131
179
147
40
287
281
248
231
220
162
185
11
300
200
251
150
164
287
291
77
253
249
25
234
50
256
247
261
68
254
295
189
96
228
297
224
175
164
266
114
269
155
294
266
257
100
241
195
267
241
88
293
270
98
232
149
250
239
258
283
175
185
64
271
242
135
230
181
189
272
291
248
210
246
114
284
226
203
207
283
222
204
141
222
238
256
219
221
241
212
299
135
290
221
169
235
293
225
112
271
235
82
298
159
159
242
192
73
257
265
151
119
140
251
172
268
283
91
233
292
292
271
134
86
224
128
205
53
253
250
227
97
263
205
180
227
174
252
95
265
243
78
234
298
182
168
188
80
287
276
257
134
246
165
81
256
300
159
161
290
30
230
245
183
287
110
165
104
180
104
291
140
260
240
127
195
217
232
99
266
228
245
293
171
232
154
281
272
228
258
125
166
217
167
142
186
290
122
152
296
178
176
69
181
222
234
172
193
137
90
115
257
130
250
174
169
238
236
292
136
95
257
46
288
165
149
164
157
216
87
261
239
191
155
218
155
296
263
187
245
229
104
250
283
179
110
259
224
233
164
210
84
267
254
282
74
193
177
258
44
231
189
54
293
100
58
250
123
245
277
196
205
216
215
97
66
204
286
119
228
125
298
159
172
258
263
57
240
296
98
280
90
300
217
265
84
260
213
228
224
45
192
267
80
265
251
171
58
212
124
75
44
292
188
209
241
142
72
66
189
279
245
270
263
29
259
222
277
128
274
44
240
300
266
259
232
207
255
189
245
243
101
278
163
300
97
300
300
198
178
215
57
231
185
267
99
225
52
291
291
284
159
265
95
68
241
195
233
297
55
253
253
137
243
238
155
273
201
293
186
90
197
82
145
118
112
33
168
216
182
187
234
72
272
58
298
152
242
299
271
117
120
193
205
248
198
159
213
290
148
298
171
216
185
73
110
280
158
149
298
92
219
77
194
143
278
135
279
203
33
114
154
57
268
107
214
204
200
296
257
285
177
259
194
165
142
125
150
289
205
252
296
290
98
171
280
120
283
261
131
183
113
294
81
219
262
193
293
252
177
271
170
170
289
262
295
205
200
78
255
203
112
263
199
262
218
270
237
90
221
260
279
144
288
42
271
87
281
154
273
297
113
155
83
191
158
281
300
292
152
181
241
127
234
254
117
235
242
64
280
210
290
96
218
259
227
199
197
114
261
255
282
235
287
275
218
279
216
219
275
253
229
270
296
271
143
226
295
274
228
58
98
220
139
27
141
300
297
222
267
194
112
286
268
210
286
216
242
198
296
278
193
221
262
97
147
185
162
192
193
223
289
180
189
143
75
285
296
197
223
108
247
238
228
231
272
239
196
205
69
185
203
270
153
195
187
247
181
64
286
293
288
208
179
286
258
278
249
265
99
201
127
120
28
119
279
224
252
289
224
114
152
193
170
260
190
189
243
190
201
207
188
252
185
271
228
261
205
162
260
283
299
169
236
220
249
131
268
291
293
226
100
95
22
242
77
256
202
100
260
223
259
153
61
219
110
291
117
121
295
204
140
203
290
105
205
89
284
256
250
287
229
214
132
183
145
160
173
294
164
229
282
127
161
84
95
45
123
166
283
147
266
269
124
285
245
94
216
236
281
212
120
109
264
204
116
229
81
72
276
282
241
132
239
240
205
253
75
241
288
211
161
71
212
168
291
283
237
184
204
203
31
60
270
37
247
282
203
176
242
125
162
258
97
243
290
73
266
87
114
290
170
105
144
29
296
79
111
167
123
291
172
211
300
48
238
187
62
283
204
181
138
295
293
279
239
295
180
229
201
233
193
187
281
114
190
282
259
155
128
165
288
295
181
199
177
267
59
68
231
268
257
252
221
226
131
145
116
255
290
119
297
251
230
225
228
293
151
273
108
228
207
260
103
222
195
270
299
250
263
156
269
174
122
246
196
260
115
56
208
279
50
201
248
55
84
197
262
274
229
165
223
209
287
296
160
253
63
267
260
265
298
298
295
191
58
26
167
129
267
236
182
120
234
226
190
136
47
232
211
56
225
241
130
176
57
250
107
256
176
176
122
185
241
175
220
86
161
260
261
295
259
205
199
290
167
90
234
195
273
200
205
264
298
213
281
271
219
296
181
230
173
185
81
298
155
35
155
191
294
155
210
188
159
232
260
174
288
184
282
230
129
221
152
255
146
117
178
161
254
284
131
294
291
273
153
57
57
121
287
105
265
89
278
154
259
191
86
253
215
130
116
224
277
146
263
207
239
99
212
270
171
270
81
271
163
291
212
280
239
186
285
170
224
261
115
255
221
284
202
247
145
104
273
225
292
284
183
232
237
292
294
233
249
241
23
102
250
295
186
69
238
104
295
233
125
181
196
39
171
182
250
105
297
211
275
275
286
172
281
232
268
264
223
137
231
236
300
224
89
66
231
188
291
30
169
97
78
252
181
215
163
195
186
188
194
146
161
159
263
131
240
128
285
207
160
293
182
93
274
265
234
246
298
288
264
227
172
251
229
151
241
245
261
186
299
176
223
237
150
102
253
268
200
235
213
286
277
273
299
255
239
173
273
300
95
84
100
192
295
59
244
189
96
215
254
296
151
77
74
224
177
261
24
217
202
252
179
199
213
230
248
65
235
217
281
60
231
270
105
254
287
208
252
246
183
149
234
96
248
197
147
117
195
127
234
292
117
284
273
278
235
252
174
245
199
278
157
40
264
273
261
137
241
220
175
214
237
221
248
196
215
239
72
297
184
78
250
213
131
161
118
219
214
171
282
218
149
283
208
162
256
220
146
225
174
124
100
114
63
130
80
260
187
283
263
213
296
191
275
260
191
297
185
236
282
269
145
251
248
249
226
213
113
126
288
171
181
196
241
108
260
270
27
253
217
233
263
203
216
261
183
293
109
223
255
120
238
295
40
216
130
149
199
232
101
176
43
214
118
219
83
261
159
250
296
207
123
287
172
278
193
112
103
196
281
204
278
267
272
272
129
245
130
41
238
222
217
265
79
173
225
263
285
272
284
227
282
300
210
288
86
67
247
119
153
136
247
120
245
195
111
87
280
281
162
289
155
282
103
292
268
159
281
183
210
292
240
256
121
241
234
255
178
300
211
225
268
116
161
129
239
238
215
230
241
115
124
267
201
235
255
165
227
217
163
279
266
82
163
264
235
109
153
284
175
112
291
252
255
166
152
292
293
132
149
46
75
64
250
212
278
227
163
85
272
270
294
159
80
291
292
206
226
142
255
152
199
279
217
284
277
221
140
233
199
197
150
192
255
36
235
268
138
157
190
166
127
102
294
241
286
161
258
65
4
203
211
208
191
241
291
299
259
151
165
226
146
278
223
196
27
266
233
294
143
109
149
51
112
71
181
204
227
270
300
199
85
194
260
256
175
172
241
85
172
20
194
146
11
200
273
288
194
100
92
127
299
280
74
62
294
239
245
239
134
9
257
128
198
167
287
243
201
283
250
225
283
300
111
210
138
263
208
179
62
68
165
145
54
222
163
176
104
159
159
223
274
223
205
152
61
196
242
137
293
203
152
200
260
299
246
207
227
150
173
299
166
93
224
220
130
84
217
257
231
159
149
280
236
201
201
274
262
194
238
290
244
269
163
18
234
62
215
290
266
197
281
283
88
251
76
94
96
228
282
182
178
113
287
141
171
184
222
287
265
181
107
238
283
244
254
261
220
184
265
229
54
119
209
295
242
235
97
221
260
292
220
254
176
228
194
253
287
250
156
180
137
226
291
150
14
145
206
247
288
71
25
168
146
266
218
276
226
170
275
267
288
189
213
272
154
150
237
186
286
146
211
274
249
292
223
91
136
142
256
125
185
105
202
190
173
96
142
180
299
219
298
137
268
238
12
209
241
284
300
222
186
115
206
210
208
268
154
224
243
273
150
291
300
219
156
83
186
194
268
169
222
145
291
139
208
123
238
172
288
73
206
109
199
83
170
291
165
55
110
206
270
258
196
23
191
193
155
276
284
113
183
231
150
128
234
205
227
285
151
102
207
142
277
108
152
165
215
270
244
275
172
154
290
300
272
228
270
292
222
257
273
220
270
263
223
209
247
298
259
155
116
136
271
100
122
143
270
179
277
55
195
112
109
221
153
168
268
266
255
26
286
293
168
43
149
291
275
275
166
219
274
277
271
215
260
293
48
113
210
277
34
272
231
259
270
206
240
286
256
299
293
175
284
221
275
278
225
23
136
55
191
256
243
294
134
261
290
50
122
179
287
65
264
295
233
255
284
222
165
299
295
253
282
192
298
283
170
162
187
292
237
45
47
229
222
133
278
201
229
250
298
126
47
197
149
137
256
283
166
68
232
278
75
39
293
205
269
67
297
254
83
104
164
128
274
92
233
196
229
155
260
92
299
156
165
171
239
211
211
259
198
240
108
287
271
38
241
191
183
288
294
86
180
274
270
154
171
204
281
289
189
287
291
187
139
256
247
239
208
85
287
264
128
213
216
189
282
92
261
227
203
75
196
279
264
171
266
120
112
230
289
275
132
142
161
149
209
271
139
266
229
277
281
299
86
284
255
240
294
255
289
119
254
213
226
245
225
278
38
276
274
294
80
57
75
254
187
145
169
163
133
55
195
168
258
117
86
134
228
134
143
75
177
261
187
220
276
267
186
277
98
193
207
179
121
279
257
175
268
151
163
291
296
247
164
295
267
250
43
263
110
166
109
172
197
294
93
168
288
269
276
161
95
135
245
91
243
185
287
208
262
275
144
191
104
181
269
232
166
224
221
180
65
139
74
262
268
281
291
289
291
73
246
112
210
229
174
107
172
92
254
299
131
213
256
205
288
92
110
248
258
188
218
86
174
217
153
213
285
277
227
259
74
208
161
170
255
64
247
165
232
234
82
286
90
206
239
254
243
110
166
265
192
236
299
185
240
223
235
283
209
239
204
219
161
55
179
258
149
35
140
205
243
166
288
65
274
135
285
266
209
258
202
250
187
167
163
165
295
149
110
267
186
245
264
191
266
186
168
265
132
224
189
133
257
284
299
290
247
75
281
77
178
122
228
202
181
175
140
243
204
289
115
267
82
134
267
114
286
63
183
240
78
47
168
258
236
96
163
70
244
121
271
286
177
277
266
280
265
168
298
249
198
202
272
21
238
240
185
109
164
198
295
207
153
273
128
111
286
152
115
243
270
265
146
52
212
285
209
142
108
257
120
271
247
272
103
182
166
199
287
217
242
115
139
237
271
247
93
200
280
182
125
199
270
271
284
270
269
296
206
73
187
142
167
160
290
142
237
64
165
103
254
241
139
291
85
75
173
287
255
289
223
193
201
282
15
139
121
112
206
281
96
284
264
206
195
69
237
108
286
282
99
228
283
159
172
79
236
266
223
294
150
293
82
283
71
145
137
224
121
222
187
99
245
147
140
175
227
257
295
184
222
216
171
78
273
215
226
225
245
228
226
27
59
160
142
245
99
94
258
300
247
283
254
206
112
251
264
213
229
208
40
268
279
228
57
170
149
185
164
274
105
96
292
183
94
238
79
207
129
45
205
190
237
101
284
130
286
197
243
265
205
298
207
188
86
236
184
57
179
244
98
158
204
170
170
177
256
228
260
173
296
284
53
59
161
267
271
286
259
90
185
170
168
141
26
249
282
126
298
241
248
240
169
34
286
267
266
166
287
215
128
158
263
186
243
165
101
262
293
283
241
231
97
133
190
204
214
282
97
282
299
294
125
238
276
171
267
80
153
265
220
251
173
298
122
40
258
264
197
106
272
300
188
54
161
298
242
120
85
186
210
260
125
76
182
280
96
199
294
232
278
290
62
279
209
288
250
230
124
15
179
154
210
176
233
269
279
190
212
124
217
289
238
236
122
140
79
224
83
297
292
178
291
65
58
287
137
235
180
296
81
166
195
35
200
151
225
239
175
224
192
299
282
158
297
248
254
246
191
253
168
165
220
253
278
158
282
82
256
249
257
289
293
253
299
247
247
155
248
250
252
190
104
59
200
137
131
189
170
197
142
256
278
222
48
241
281
202
101
212
117
265
136
163
177
182
295
226
166
287
266
241
260
107
203
279
118
261
130
98
135
92
11
158
87
57
194
140
181
267
243
148
258
299
299
221
76
285
243
142
173
190
148
209
274
262
42
291
222
196
266
297
272
275
182
287
88
221
153
240
72
36
213
177
272
168
140
276
297
297
208
180
278
182
152
259
125
238
207
161
265
240
131
238
169
112
256
156
295
202
142
172
284
268
122
246
43
115
96
252
145
78
291
85
185
281
247
201
269
283
218
124
234
187
168
291
233
63
293
56
275
237
243
238
253
282
289
175
159
250
255
255
238
149
180
223
221
166
225
175
97
146
69
249
284
232
201
268
232
272
146
240
294
207
217
224
265
230
274
129
74
151
43
279
97
266
283
243
291
198
212
78
128
252
254
182
284
198
169
149
232
298
271
276
34
58
179
242
209
177
252
169
279
278
199
86
280
222
109
5
276
183
81
295
254
169
293
281
299
263
279
156
263
146
299
293
225
157
11
284
232
166
195
245
198
171
178
160
300
202
163
116
118
116
263
185
176
276
256
119
253
256
231
34
187
201
178
152
98
137
265
87
104
178
276
106
254
296
134
259
147
294
195
117
272
200
129
274
164
273
196
233
295
253
275
252
181
230
286
169
277
184
300
230
151
198
216
288
268
47
156
242
259
226
212
176
152
220
203
263
278
272
121
30
210
189
248
194
274
277
235
172
258
226
274
203
52
294
74
245
224
188
135
271
294
277
288
296
120
236
181
289
156
232
225
132
290
206
186
21
182
172
93
241
215
187
200
114
235
176
38
257
244
214
173
182
299
100
211
173
159
135
89
287
271
264
220
248
248
236
209
74
294
297
161
254
112
296
221
232
252
300
150
230
231
224
102
197
199
254
270
85
275
288
119
221
200
133
271
261
209
264
255
167
92
140
285
214
177
149
272
261
284
201
217
201
247
294
281
288
202
68
298
216
100
245
237
246
185
102
165
201
251
250
264
282
266
50
85
292
274
271
51
61
214
252
60
289
150
206
172
133
296
45
204
227
244
273
238
224
249
150
179
278
182
210
216
112
194
239
257
263
245
204
180
232
154
204
7
148
298
160
272
250
39
280
65
201
233
251
278
282
94
210
216
212
162
171
260
203
251
263
164
295
264
130
293
259
230
122
202
288
293
206
237
152
246
209
68
174
254
287
200
238
141
288
197
285
214
145
49
121
166
183
300
264
204
263
130
181
209
271
276
300
227
245
290
229
280
116
101
266
299
261
141
129
220
268
132
293
260
157
237
141
254
223
231
115
150
98
251
223
192
211
193
270
185
292
188
56
134
126
280
209
284
216
152
276
299
245
135
168
281
276
283
128
297
236
78
275
247
166
264
74
294
191
88
62
294
244
247
276
279
284
140
233
220
181
289
234
199
95
296
145
200
199
269
253
20
296
286
155
299
62
221
81
125
186
290
127
215
237
202
169
165
170
116
175
173
210
268
227
166
257
266
280
191
122
209
173
264
101
270
256
292
274
196
250
229
274
224
89
173
201
245
243
231
296
124
150
83
213
111
256
193
156
14
188
234
223
262
278
288
134
255
216
268
239
293
195
296
187
84
205
284
40
128
299
71
294
282
281
230
295
215
145
91
269
184
148
128
184
165
152
84
253
197
56
282
255
274
266
41
84
143
84
249
297
229
252
179
294
227
204
258
277
222
76
35
226
244
192
281
158
258
264
271
283
217
289
153
221
188
236
223
137
95
285
42
250
71
184
101
249
233
271
201
175
295
209
176
215
206
231
240
100
118
190
193
191
174
294
149
56
196
254
183
199
266
209
246
87
268
68
236
181
193
167
198
27
58
87
219
262
269
135
188
175
293
170
42
273
287
215
228
245
113
298
272
248
172
213
173
234
226
93
287
275
214
231
31
253
226
152
144
144
267
279
242
194
272
107
280
67
178
172
246
169
65
163
271
234
147
101
255
161
245
265
126
142
34
263
277
189
268
289
271
286
265
183
238
296
78
132
291
236
207
226
111
206
292
237
286
151
104
245
196
272
298
233
256
217
244
252
181
299
223
251
211
272
204
195
131
249
218
91
201
263
291
186
251
289
249
274
64
233
162
162
124
200
248
181
287
264
166
152
259
220
164
287
115
92
299
79
271
255
264
127
248
248
191
189
269
85
260
215
218
287
111
21
32
263
254
235
220
166
180
131
266
141
205
231
263
148
170
299
127
34
230
243
130
174
265
175
140
296
230
297
186
234
35
183
220
254
236
130
133
176
125
151
170
51
108
297
256
187
87
246
262
271
184
179
292
159
222
288
269
176
193
278
289
139
42
259
224
236
251
140
166
221
244
110
108
284
212
267
286
242
143
278
246
278
231
43
255
169
266
177
239
242
292
156
202
139
267
213
252
241
209
236
165
253
279
132
95
289
277
11
147
139
160
21
160
293
218
269
218
260
288
141
274
278
233
199
150
115
214
86
102
168
272
167
258
177
220
131
286
252
100
214
65
282
299
96
196
96
245
239
275
288
267
245
88
236
202
260
222
260
246
293
136
196
76
236
297
259
216
204
258
134
195
217
300
138
167
191
258
228
288
200
38
106
290
225
210
173
179
247
237
42
190
154
252
265
249
211
160
184
211
277
271
191
175
211
253
204
158
275
136
99
271
140
183
182
161
286
200
126
222
122
227
282
286
259
191
237
267
287
243
276
272
292
220
274
73
148
180
295
256
237
280
268
99
132
115
245
204
286
218
209
219
226
160
91
266
16
295
292
253
263
260
246
208
295
198
287
276
218
239
288
289
201
136
57
244
249
258
264
87
172
199
220
179
146
70
75
161
293
191
266
172
61
201
123
157
122
250
267
184
291
209
119
182
272
273
287
59
80
125
183
158
170
236
54
174
277
277
291
199
89
257
259
248
208
243
258
98
83
93
268
116
257
112
162
90
300
239
269
229
192
119
291
143
248
156
217
108
29
256
266
257
280
236
205
191
275
131
139
276
229
291
289
249
58
121
245
156
279
189
165
297
223
218
248
144
166
186
270
294
255
231
198
244
113
197
178
246
101
251
151
72
271
223
252
155
280
247
55
172
160
125
252
212
216
208
151
286
265
177
270
120
219
169
194
298
189
266